.
----------------------------------------------------------------------
Ran 1 test in 0.001s

OK
.
----------------------------------------------------------------------
Ran 1 test in 0.003s

OK
.
----------------------------------------------------------------------
Ran 1 test in 0.023s

OK
.
----------------------------------------------------------------------
Ran 1 test in 0.001s

OK
.
----------------------------------------------------------------------
Ran 1 test in 0.002s

OK
.
----------------------------------------------------------------------
Ran 1 test in 0.015s

OK
.
----------------------------------------------------------------------
Ran 1 test in 623.641s

OK

prec, rec, f_score
0.8060636558057618 0.476004397955545 0.5985483283356221
