.
----------------------------------------------------------------------
Ran 1 test in 0.007s

OK
.
----------------------------------------------------------------------
Ran 1 test in 0.006s

OK
.
----------------------------------------------------------------------
Ran 1 test in 0.005s

OK
.
----------------------------------------------------------------------
Ran 1 test in 0.001s

OK
.
----------------------------------------------------------------------
Ran 1 test in 0.001s

OK
.
----------------------------------------------------------------------
Ran 1 test in 0.005s

OK
.
----------------------------------------------------------------------
Ran 1 test in 0.006s

OK
.
----------------------------------------------------------------------
Ran 1 test in 0.044s

OK
.
----------------------------------------------------------------------
Ran 1 test in 0.042s

OK
.
----------------------------------------------------------------------
Ran 1 test in 45.195s

OK
.
----------------------------------------------------------------------
Ran 1 test in 0.002s

OK
.
----------------------------------------------------------------------
Ran 1 test in 0.002s

OK
.
----------------------------------------------------------------------
Ran 1 test in 0.002s

OK
.
----------------------------------------------------------------------
Ran 1 test in 0.001s

OK
.
----------------------------------------------------------------------
Ran 1 test in 0.003s

OK
[[14.0, 11.0, 0.0, 0.0], [11.0, 11.0, 13.0, 0.0]]
[[14.0, 11.0, 0.0, 0.0], [11.0, 11.0, 13.0, 0.0]]
.
----------------------------------------------------------------------
Ran 1 test in 0.006s

OK
.
----------------------------------------------------------------------
Ran 1 test in 0.022s

OK
.
----------------------------------------------------------------------
Ran 1 test in 0.024s

OK
